2025-06-21 14:59:48,073 - root - INFO - Banking application initialized successfully
2025-06-21 14:59:48,073 - root - INFO - Starting banking application GUI
2025-06-21 15:13:19,126 - root - INFO - Shutting down banking application
2025-06-21 15:13:19,126 - root - INFO - Banking application shutdown complete
2025-06-21 15:13:19,126 - root - INFO - Shutting down banking application
2025-06-21 15:13:19,126 - root - INFO - Banking application shutdown complete
2025-06-21 15:35:28,406 - root - INFO - Banking application initialized successfully
2025-06-21 15:35:28,406 - root - INFO - Starting banking application GUI
2025-06-21 15:40:27,186 - root - INFO - Shutting down banking application
2025-06-21 15:40:27,186 - root - INFO - Banking application shutdown complete
2025-06-21 15:40:27,186 - root - INFO - Shutting down banking application
2025-06-21 15:40:27,186 - root - INFO - Banking application shutdown complete
2025-06-21 15:40:37,144 - root - INFO - Banking application initialized successfully
2025-06-21 15:40:37,144 - root - INFO - Starting banking application GUI
2025-06-21 15:43:47,985 - root - INFO - Shutting down banking application
2025-06-21 15:43:47,986 - root - INFO - Banking application shutdown complete
2025-06-21 15:43:55,294 - root - INFO - Banking application initialized successfully
2025-06-21 15:43:55,294 - root - INFO - Starting banking application GUI
2025-06-21 15:46:44,238 - root - INFO - Shutting down banking application
2025-06-21 15:46:44,238 - root - INFO - Banking application shutdown complete
2025-06-21 15:48:17,164 - root - INFO - Banking application initialized successfully
2025-06-21 15:48:17,165 - root - INFO - Starting banking application GUI
2025-06-21 15:50:23,494 - root - INFO - Shutting down banking application
2025-06-21 15:50:23,494 - root - INFO - Banking application shutdown complete
2025-06-21 15:51:17,715 - root - INFO - Banking application initialized successfully
2025-06-21 15:51:17,715 - root - INFO - Starting banking application GUI
2025-06-21 16:17:21,729 - root - INFO - Shutting down banking application
2025-06-21 16:17:21,729 - root - INFO - Banking application shutdown complete
2025-06-21 16:17:21,729 - root - INFO - Shutting down banking application
2025-06-21 16:17:21,730 - root - INFO - Banking application shutdown complete
2025-06-21 16:17:52,091 - root - INFO - Banking application initialized successfully
2025-06-21 16:17:52,091 - root - INFO - Starting banking application GUI
2025-06-21 16:24:01,259 - root - INFO - Shutting down banking application
2025-06-21 16:24:01,259 - root - INFO - Banking application shutdown complete
2025-06-21 16:24:06,643 - root - ERROR - Failed to initialize banking application: name 'LoanService' is not defined
2025-06-21 16:24:06,644 - root - CRITICAL - Critical application error: name 'LoanService' is not defined
2025-06-21 16:25:02,023 - root - ERROR - Failed to initialize banking application: name 'LoanService' is not defined
2025-06-21 16:25:02,024 - root - CRITICAL - Critical application error: name 'LoanService' is not defined
2025-06-21 16:25:13,477 - root - INFO - Banking application initialized successfully
2025-06-21 16:25:13,477 - root - INFO - Starting banking application GUI
2025-06-21 16:25:15,470 - root - INFO - Shutting down banking application
2025-06-21 16:25:15,470 - root - INFO - Banking application shutdown complete
2025-06-21 16:26:59,726 - root - INFO - Banking application initialized successfully
2025-06-21 16:26:59,726 - root - INFO - Starting banking application GUI
2025-06-21 16:28:54,267 - root - INFO - Shutting down banking application
2025-06-21 16:28:54,267 - root - INFO - Banking application shutdown complete
2025-06-21 16:28:54,267 - root - INFO - Shutting down banking application
2025-06-21 16:28:54,267 - root - INFO - Banking application shutdown complete
2025-06-21 16:36:38,605 - root - INFO - Banking application initialized successfully
2025-06-21 16:36:38,605 - root - INFO - Starting banking application GUI
2025-06-21 16:41:34,033 - root - INFO - Shutting down banking application
2025-06-21 16:41:34,034 - root - INFO - Banking application shutdown complete
2025-06-21 16:41:40,701 - root - INFO - Banking application initialized successfully
2025-06-21 16:41:40,701 - root - INFO - Starting banking application GUI
2025-06-21 16:42:27,877 - root - INFO - Shutting down banking application
2025-06-21 16:42:27,878 - root - INFO - Banking application shutdown complete
2025-06-21 16:42:35,167 - root - INFO - Banking application initialized successfully
2025-06-21 16:42:35,167 - root - INFO - Starting banking application GUI
2025-06-21 16:42:46,624 - root - INFO - Shutting down banking application
2025-06-21 16:42:46,624 - root - INFO - Banking application shutdown complete
2025-06-21 16:45:04,824 - root - INFO - Banking application initialized successfully
2025-06-21 16:45:04,829 - root - INFO - Starting banking application GUI
2025-06-21 16:45:15,694 - root - INFO - Shutting down banking application
2025-06-21 16:45:15,694 - root - INFO - Banking application shutdown complete
2025-06-21 16:48:38,845 - root - INFO - Banking application initialized successfully
2025-06-21 16:48:38,845 - root - INFO - Starting banking application GUI
2025-06-21 16:48:55,578 - root - INFO - Shutting down banking application
2025-06-21 16:48:55,579 - root - INFO - Banking application shutdown complete
2025-06-21 16:50:34,516 - root - INFO - Banking application initialized successfully
2025-06-21 16:50:34,516 - root - INFO - Starting banking application GUI
2025-06-21 17:03:29,702 - root - INFO - Shutting down banking application
2025-06-21 17:03:29,702 - root - INFO - Banking application shutdown complete
2025-06-21 17:03:37,882 - root - INFO - Banking application initialized successfully
2025-06-21 17:03:37,882 - root - INFO - Starting banking application GUI
2025-06-21 17:04:03,761 - root - INFO - Shutting down banking application
2025-06-21 17:04:03,765 - root - INFO - Banking application shutdown complete
2025-06-21 17:05:06,636 - root - INFO - Banking application initialized successfully
2025-06-21 17:05:06,636 - root - INFO - Starting banking application GUI
2025-06-21 17:17:38,106 - root - INFO - Shutting down banking application
2025-06-21 17:17:38,106 - root - INFO - Banking application shutdown complete
2025-06-21 17:17:45,889 - root - INFO - Banking application initialized successfully
2025-06-21 17:17:45,891 - root - INFO - Starting banking application GUI
2025-06-21 17:21:41,341 - root - INFO - Shutting down banking application
2025-06-21 17:21:41,341 - root - INFO - Banking application shutdown complete
2025-06-21 17:21:55,137 - root - INFO - Banking application initialized successfully
2025-06-21 17:21:55,137 - root - INFO - Starting banking application GUI
2025-06-21 17:22:14,571 - root - INFO - Shutting down banking application
2025-06-21 17:22:14,571 - root - INFO - Banking application shutdown complete
2025-06-21 17:33:58,304 - root - INFO - Banking application initialized successfully
2025-06-21 17:33:58,304 - root - INFO - Starting banking application GUI
2025-06-21 17:39:07,931 - root - INFO - Shutting down banking application
2025-06-21 17:39:07,931 - root - INFO - Banking application shutdown complete
2025-06-21 17:41:43,200 - root - INFO - Banking application initialized successfully
2025-06-21 17:41:43,200 - root - INFO - Starting banking application GUI
2025-06-21 17:52:43,013 - root - INFO - Shutting down banking application
2025-06-21 17:52:43,013 - root - INFO - Banking application shutdown complete
2025-06-21 17:52:59,159 - root - INFO - Banking application initialized successfully
2025-06-21 17:52:59,159 - root - INFO - Starting banking application GUI
2025-06-21 18:01:20,744 - root - INFO - Shutting down banking application
2025-06-21 18:01:20,744 - root - INFO - Banking application shutdown complete
2025-06-21 18:01:30,618 - root - INFO - Banking application initialized successfully
2025-06-21 18:01:30,618 - root - INFO - Starting banking application GUI
2025-06-21 18:01:48,538 - root - INFO - Shutting down banking application
2025-06-21 18:01:48,538 - root - INFO - Banking application shutdown complete
2025-06-21 18:12:06,334 - root - INFO - Banking application initialized successfully
2025-06-21 18:12:06,334 - root - INFO - Starting banking application GUI
2025-06-21 18:14:44,390 - root - INFO - Shutting down banking application
2025-06-21 18:14:44,390 - root - INFO - Banking application shutdown complete
2025-06-21 18:14:57,892 - root - INFO - Banking application initialized successfully
2025-06-21 18:14:57,892 - root - INFO - Starting banking application GUI
2025-06-21 18:18:43,275 - root - INFO - Shutting down banking application
2025-06-21 18:18:43,275 - root - INFO - Banking application shutdown complete
2025-06-21 18:18:52,081 - root - INFO - Banking application initialized successfully
2025-06-21 18:18:52,081 - root - INFO - Starting banking application GUI
2025-06-21 18:22:00,918 - root - INFO - Shutting down banking application
2025-06-21 18:22:00,918 - root - INFO - Banking application shutdown complete
2025-06-21 19:38:37,118 - root - INFO - Banking application initialized successfully
2025-06-21 19:38:37,118 - root - INFO - Starting banking application GUI
2025-06-21 19:40:39,802 - root - INFO - Shutting down banking application
2025-06-21 19:40:39,802 - root - INFO - Banking application shutdown complete
2025-06-21 20:08:20,416 - root - INFO - Banking application initialized successfully
2025-06-21 20:08:20,416 - root - INFO - Starting banking application GUI
2025-06-21 20:08:44,928 - root - INFO - Shutting down banking application
2025-06-21 20:08:44,928 - root - INFO - Banking application shutdown complete
2025-06-21 20:10:43,472 - root - INFO - Banking application initialized successfully
2025-06-21 20:10:43,472 - root - INFO - Starting banking application GUI
2025-06-21 20:11:13,565 - root - INFO - Shutting down banking application
2025-06-21 20:11:13,565 - root - INFO - Banking application shutdown complete
2025-06-21 20:16:29,133 - root - INFO - Banking application initialized successfully
2025-06-21 20:16:29,133 - root - INFO - Starting banking application GUI
2025-06-21 20:25:11,245 - root - INFO - Shutting down banking application
2025-06-21 20:25:11,245 - root - INFO - Banking application shutdown complete
2025-06-21 20:25:34,098 - root - INFO - Banking application initialized successfully
2025-06-21 20:25:34,098 - root - INFO - Starting banking application GUI
2025-06-21 20:29:45,449 - root - INFO - Shutting down banking application
2025-06-21 20:29:45,449 - root - INFO - Banking application shutdown complete
2025-06-21 20:29:51,170 - root - INFO - Banking application initialized successfully
2025-06-21 20:29:51,170 - root - INFO - Starting banking application GUI
2025-06-21 20:33:53,085 - root - INFO - Shutting down banking application
2025-06-21 20:33:53,085 - root - INFO - Banking application shutdown complete
2025-06-21 20:33:53,085 - root - INFO - Shutting down banking application
2025-06-21 20:33:53,085 - root - INFO - Banking application shutdown complete
2025-06-21 20:34:18,012 - root - INFO - Banking application initialized successfully
2025-06-21 20:34:18,012 - root - INFO - Starting banking application GUI
2025-06-21 20:46:36,515 - root - INFO - Shutting down banking application
2025-06-21 20:46:36,515 - root - INFO - Banking application shutdown complete
2025-06-21 22:29:48,643 - root - INFO - Banking application initialized successfully
2025-06-21 22:29:48,643 - root - INFO - Starting banking application GUI
2025-06-21 22:53:59,430 - root - INFO - Shutting down banking application
2025-06-21 22:53:59,440 - root - INFO - Banking application shutdown complete
2025-06-21 22:54:10,178 - root - INFO - Banking application initialized successfully
2025-06-21 22:54:10,178 - root - INFO - Starting banking application GUI
2025-06-21 23:03:17,768 - root - INFO - Shutting down banking application
2025-06-21 23:03:17,768 - root - INFO - Banking application shutdown complete
2025-06-21 23:03:24,691 - root - INFO - Banking application initialized successfully
2025-06-21 23:03:24,692 - root - INFO - Starting banking application GUI
2025-06-21 23:15:20,796 - root - INFO - Shutting down banking application
2025-06-21 23:15:20,796 - root - INFO - Banking application shutdown complete
2025-06-21 23:15:26,963 - root - INFO - Banking application initialized successfully
2025-06-21 23:15:26,963 - root - INFO - Starting banking application GUI
2025-06-21 23:20:04,805 - root - INFO - Shutting down banking application
2025-06-21 23:20:04,805 - root - INFO - Banking application shutdown complete
2025-06-21 23:20:10,247 - root - INFO - Banking application initialized successfully
2025-06-21 23:20:10,248 - root - INFO - Starting banking application GUI
2025-06-21 23:29:24,345 - root - INFO - Shutting down banking application
2025-06-21 23:29:24,345 - root - INFO - Banking application shutdown complete
2025-06-21 23:29:33,855 - root - INFO - Banking application initialized successfully
2025-06-21 23:29:33,855 - root - INFO - Starting banking application GUI
2025-06-21 23:31:45,481 - root - INFO - Shutting down banking application
2025-06-21 23:31:45,482 - root - INFO - Banking application shutdown complete
2025-06-21 23:31:52,304 - root - INFO - Banking application initialized successfully
2025-06-21 23:31:52,304 - root - INFO - Starting banking application GUI
2025-06-21 23:32:43,829 - root - INFO - Shutting down banking application
2025-06-21 23:32:43,829 - root - INFO - Banking application shutdown complete
2025-06-21 23:32:56,221 - root - INFO - Banking application initialized successfully
2025-06-21 23:32:56,221 - root - INFO - Starting banking application GUI
2025-06-21 23:39:32,270 - root - INFO - Shutting down banking application
2025-06-21 23:39:32,270 - root - INFO - Banking application shutdown complete
2025-06-21 23:39:32,270 - root - INFO - Shutting down banking application
2025-06-21 23:39:32,270 - root - INFO - Banking application shutdown complete
2025-06-21 23:39:37,537 - root - INFO - Banking application initialized successfully
2025-06-21 23:39:37,537 - root - INFO - Starting banking application GUI
2025-06-21 23:47:12,328 - root - INFO - Shutting down banking application
2025-06-21 23:47:12,328 - root - INFO - Banking application shutdown complete
2025-06-21 23:47:22,501 - root - INFO - Banking application initialized successfully
2025-06-21 23:47:22,501 - root - INFO - Starting banking application GUI
2025-06-21 23:49:53,069 - root - INFO - Shutting down banking application
2025-06-21 23:49:53,069 - root - INFO - Banking application shutdown complete
2025-06-21 23:49:53,069 - root - INFO - Shutting down banking application
2025-06-21 23:49:53,069 - root - INFO - Banking application shutdown complete
2025-06-21 23:52:14,656 - root - INFO - Banking application initialized successfully
2025-06-21 23:52:14,656 - root - INFO - Starting banking application GUI
2025-06-21 23:52:16,978 - root - INFO - Shutting down banking application
2025-06-21 23:52:16,978 - root - INFO - Banking application shutdown complete
2025-06-24 12:32:25,308 - root - INFO - Banking application initialized successfully
2025-06-24 12:32:25,310 - root - INFO - Starting banking application GUI
2025-06-24 12:32:29,840 - root - INFO - Shutting down banking application
2025-06-24 12:32:29,841 - root - INFO - Banking application shutdown complete
2025-06-24 12:33:36,459 - root - INFO - Banking application initialized successfully
2025-06-24 12:33:36,459 - root - INFO - Starting banking application GUI
2025-06-24 12:38:34,848 - root - INFO - Shutting down banking application
2025-06-24 12:38:34,851 - root - INFO - Banking application shutdown complete
2025-06-24 12:44:57,671 - root - INFO - Banking application initialized successfully
2025-06-24 12:44:57,671 - root - INFO - Starting banking application GUI
2025-06-24 12:56:28,579 - root - INFO - Shutting down banking application
2025-06-24 12:56:28,579 - root - INFO - Banking application shutdown complete
2025-06-24 13:04:12,111 - root - INFO - Banking application initialized successfully
2025-06-24 13:04:12,111 - root - INFO - Starting banking application GUI
2025-06-24 13:08:20,278 - root - INFO - Shutting down banking application
2025-06-24 13:08:20,278 - root - INFO - Banking application shutdown complete
2025-06-24 13:09:05,607 - root - INFO - Banking application initialized successfully
2025-06-24 13:09:05,608 - root - INFO - Starting banking application GUI
2025-06-24 13:16:19,081 - root - INFO - Shutting down banking application
2025-06-24 13:16:19,081 - root - INFO - Banking application shutdown complete
2025-06-24 13:16:27,377 - root - INFO - Banking application initialized successfully
2025-06-24 13:16:27,379 - root - INFO - Starting banking application GUI
2025-06-24 13:26:10,495 - root - INFO - Shutting down banking application
2025-06-24 13:26:10,495 - root - INFO - Banking application shutdown complete
2025-06-24 13:44:06,678 - root - INFO - Banking application initialized successfully
2025-06-24 13:44:06,678 - root - INFO - Starting banking application GUI
2025-06-24 13:48:44,357 - root - INFO - Shutting down banking application
2025-06-24 13:48:44,357 - root - INFO - Banking application shutdown complete
2025-06-24 15:52:34,789 - root - INFO - Banking application initialized successfully
2025-06-24 15:52:34,789 - root - INFO - Starting banking application GUI
2025-06-24 16:12:28,786 - root - INFO - Shutting down banking application
2025-06-24 16:12:28,786 - root - INFO - Banking application shutdown complete
2025-06-24 16:12:36,364 - root - INFO - Banking application initialized successfully
2025-06-24 16:12:36,365 - root - INFO - Starting banking application GUI
2025-06-24 16:15:51,470 - root - INFO - Shutting down banking application
2025-06-24 16:15:51,470 - root - INFO - Banking application shutdown complete
2025-06-24 16:15:57,793 - root - INFO - Banking application initialized successfully
2025-06-24 16:15:57,794 - root - INFO - Starting banking application GUI
2025-06-24 16:16:18,345 - root - INFO - Shutting down banking application
2025-06-24 16:16:18,345 - root - INFO - Banking application shutdown complete
2025-06-24 16:16:53,463 - root - INFO - Banking application initialized successfully
2025-06-24 16:16:53,464 - root - INFO - Starting banking application GUI
2025-06-24 16:19:38,138 - root - INFO - Shutting down banking application
2025-06-24 16:19:38,141 - root - INFO - Banking application shutdown complete
2025-06-24 16:20:31,882 - root - INFO - Banking application initialized successfully
2025-06-24 16:20:31,882 - root - INFO - Starting banking application GUI
2025-06-24 16:24:49,424 - root - INFO - Shutting down banking application
2025-06-24 16:24:49,424 - root - INFO - Banking application shutdown complete
2025-06-24 16:24:55,385 - root - INFO - Banking application initialized successfully
2025-06-24 16:24:55,385 - root - INFO - Starting banking application GUI
2025-06-24 16:25:24,142 - root - INFO - Shutting down banking application
2025-06-24 16:25:24,143 - root - INFO - Banking application shutdown complete
2025-06-24 16:25:24,143 - root - INFO - Shutting down banking application
2025-06-24 16:25:24,143 - root - INFO - Banking application shutdown complete
2025-06-24 16:29:47,704 - root - INFO - Banking application initialized successfully
2025-06-24 16:29:47,704 - root - INFO - Starting banking application GUI
2025-06-24 16:29:49,812 - root - INFO - Shutting down banking application
2025-06-24 16:29:49,812 - root - INFO - Banking application shutdown complete
2025-06-24 16:34:23,151 - root - INFO - Banking application initialized successfully
2025-06-24 16:34:23,152 - root - INFO - Starting banking application GUI
2025-06-24 16:41:00,085 - root - INFO - Shutting down banking application
2025-06-24 16:41:00,085 - root - INFO - Banking application shutdown complete
2025-06-24 16:41:05,855 - root - INFO - Banking application initialized successfully
2025-06-24 16:41:05,855 - root - INFO - Starting banking application GUI
2025-06-24 16:44:03,344 - root - INFO - Shutting down banking application
2025-06-24 16:44:03,345 - root - INFO - Banking application shutdown complete
2025-06-24 16:44:09,069 - root - INFO - Banking application initialized successfully
2025-06-24 16:44:09,069 - root - INFO - Starting banking application GUI
2025-06-24 16:48:06,925 - root - INFO - Shutting down banking application
2025-06-24 16:48:06,925 - root - INFO - Banking application shutdown complete
2025-06-24 16:48:13,339 - root - INFO - Banking application initialized successfully
2025-06-24 16:48:13,339 - root - INFO - Starting banking application GUI
2025-06-24 16:48:51,054 - root - INFO - Shutting down banking application
2025-06-24 16:48:51,054 - root - INFO - Banking application shutdown complete
2025-06-24 16:49:17,175 - root - INFO - Banking application initialized successfully
2025-06-24 16:49:17,177 - root - INFO - Starting banking application GUI
2025-06-24 17:11:33,983 - root - INFO - Shutting down banking application
2025-06-24 17:11:33,983 - root - INFO - Banking application shutdown complete
2025-06-24 17:11:39,603 - root - INFO - Banking application initialized successfully
2025-06-24 17:11:39,603 - root - INFO - Starting banking application GUI
2025-06-24 17:12:18,475 - root - INFO - Shutting down banking application
2025-06-24 17:12:18,475 - root - INFO - Banking application shutdown complete
2025-06-24 17:12:18,475 - root - INFO - Shutting down banking application
2025-06-24 17:12:18,475 - root - INFO - Banking application shutdown complete
2025-06-24 17:12:45,515 - root - INFO - Banking application initialized successfully
2025-06-24 17:12:45,515 - root - INFO - Starting banking application GUI
2025-06-24 17:12:58,545 - root - INFO - Shutting down banking application
2025-06-24 17:12:58,545 - root - INFO - Banking application shutdown complete
2025-06-24 17:20:15,708 - root - INFO - Banking application initialized successfully
2025-06-24 17:20:15,708 - root - INFO - Starting banking application GUI
2025-06-24 17:20:37,320 - root - INFO - Shutting down banking application
2025-06-24 17:20:37,320 - root - INFO - Banking application shutdown complete
2025-06-24 17:24:44,691 - root - INFO - Banking application initialized successfully
2025-06-24 17:24:44,691 - root - INFO - Starting banking application GUI
2025-06-24 17:27:06,487 - root - INFO - Shutting down banking application
2025-06-24 17:27:06,487 - root - INFO - Banking application shutdown complete
